<?xml version="1.0" encoding="UTF-8"?>
<!-- Generated by org.testng.reporters.JUnitReportReporter -->
<testsuite hostname="DESKTOP-B4RJ235" failures="0" tests="3" name="com.testngproject.demo.FirstTestCase" time="0.018" errors="0" timestamp="2024-06-28T10:47:48 IST" skipped="0">
  <testcase classname="com.testngproject.demo.FirstTestCase" name="openApp" time="0.003"/>
  <system-out/>
  <testcase classname="com.testngproject.demo.FirstTestCase" name="login" time="0.003"/>
  <system-out/>
  <testcase classname="com.testngproject.demo.FirstTestCase" name="logout" time="0.012"/>
  <system-out/>
</testsuite> <!-- com.testngproject.demo.FirstTestCase -->
