<?xml version="1.0" encoding="UTF-8"?>
<!-- Generated by org.testng.reporters.JUnitReportReporter -->
<testsuite hostname="DESKTOP-B4RJ235" failures="0" tests="4" name="com.testngproject.demo.OrangeHrmTest" time="11.639" errors="0" timestamp="2024-06-28T10:47:48 IST" skipped="0">
  <testcase classname="com.testngproject.demo.OrangeHrmTest" name="openApp" time="9.789"/>
  <system-out/>
  <testcase classname="com.testngproject.demo.OrangeHrmTest" name="testlogoPresence" time="0.790"/>
  <system-out/>
  <testcase classname="com.testngproject.demo.OrangeHrmTest" name="login" time="0.594"/>
  <system-out/>
  <testcase classname="com.testngproject.demo.OrangeHrmTest" name="close" time="0.466"/>
  <system-out/>
</testsuite> <!-- com.testngproject.demo.OrangeHrmTest -->
