<?xml version="1.0" encoding="UTF-8"?>
<!-- Generated by org.testng.reporters.JUnitReportReporter -->
<testsuite hostname="DESKTOP-B4RJ235" failures="0" tests="3" name="com.groupingconcept.demo.LoginTest" time="0.036" errors="0" timestamp="2024-07-05T11:01:31 IST" skipped="0">
  <testcase classname="com.groupingconcept.demo.LoginTest" name="loginByEmail" time="0.029"/>
  <system-out/>
  <testcase classname="com.groupingconcept.demo.LoginTest" name="loginByFacebook" time="0.003"/>
  <system-out/>
  <testcase classname="com.groupingconcept.demo.LoginTest" name="loginByTwitter" time="0.004"/>
  <system-out/>
</testsuite> <!-- com.groupingconcept.demo.LoginTest -->
