<?xml version="1.0" encoding="UTF-8"?>
<!-- Generated by org.testng.reporters.JUnitReportReporter -->
<testsuite hostname="DESKTOP-B4RJ235" failures="0" tests="2" name="com.testngproject.demo.AnnotationDemo1" time="0.039" errors="0" timestamp="2024-06-30T11:16:44 IST" skipped="0">
  <testcase classname="com.testngproject.demo.AnnotationDemo1" name="search" time="0.028"/>
  <system-out/>
  <testcase classname="com.testngproject.demo.AnnotationDemo1" name="advanceSearch" time="0.011"/>
  <system-out/>
</testsuite> <!-- com.testngproject.demo.AnnotationDemo1 -->
