<?xml version="1.0" encoding="UTF-8"?>
<!-- Generated by org.testng.reporters.JUnitReportReporter -->
<testsuite hostname="DESKTOP-B4RJ235" failures="0" tests="9" name="com.paralleltesting.demo.Paramtest" time="0.555" errors="0" timestamp="2024-07-12T10:47:34 IST" skipped="0">
  <testcase classname="com.paralleltesting.demo.Paramtest" name="testLogo" time="0.225"/>
  <system-out/>
  <testcase classname="com.paralleltesting.demo.Paramtest" name="testLogo" time="0.067"/>
  <system-out/>
  <testcase classname="com.paralleltesting.demo.Paramtest" name="testLogo" time="0.086"/>
  <system-out/>
  <testcase classname="com.paralleltesting.demo.Paramtest" name="testTitle" time="0.070"/>
  <system-out/>
  <testcase classname="com.paralleltesting.demo.Paramtest" name="testTitle" time="0.018"/>
  <system-out/>
  <testcase classname="com.paralleltesting.demo.Paramtest" name="testTitle" time="0.023"/>
  <system-out/>
  <testcase classname="com.paralleltesting.demo.Paramtest" name="testUrl" time="0.025"/>
  <system-out/>
  <testcase classname="com.paralleltesting.demo.Paramtest" name="testUrl" time="0.017"/>
  <system-out/>
  <testcase classname="com.paralleltesting.demo.Paramtest" name="testUrl" time="0.024"/>
  <system-out/>
</testsuite> <!-- com.paralleltesting.demo.Paramtest -->
