<?xml version="1.0" encoding="UTF-8"?>
<!-- Generated by org.testng.reporters.JUnitReportReporter -->
<testsuite hostname="DESKTOP-B4RJ235" failures="0" tests="2" name="com.testngproject.demo.AnnotationDemmo2" time="0.023" errors="0" timestamp="2024-06-30T11:25:11 IST" skipped="0">
  <testcase classname="com.testngproject.demo.AnnotationDemmo2" name="search" time="0.017"/>
  <system-out/>
  <testcase classname="com.testngproject.demo.AnnotationDemmo2" name="advanceSearch" time="0.006"/>
  <system-out/>
</testsuite> <!-- com.testngproject.demo.AnnotationDemmo2 -->
