<?xml version="1.0" encoding="UTF-8"?>
<!-- Generated by org.testng.reporters.JUnitReportReporter -->
<testsuite hostname="DESKTOP-B4RJ235" failures="0" tests="3" name="com.groupingconcept.demo.SignupTest" time="0.029" errors="0" timestamp="2024-07-05T11:01:04 IST" skipped="0">
  <testcase classname="com.groupingconcept.demo.SignupTest" name="signupByEmail" time="0.024"/>
  <system-out/>
  <testcase classname="com.groupingconcept.demo.SignupTest" name="signupByFacebook" time="0.003"/>
  <system-out/>
  <testcase classname="com.groupingconcept.demo.SignupTest" name="signupByTwitter" time="0.002"/>
  <system-out/>
</testsuite> <!-- com.groupingconcept.demo.SignupTest -->
