<?xml version="1.0" encoding="UTF-8"?>
<!-- Generated by org.testng.reporters.JUnitReportReporter -->
<testsuite hostname="DESKTOP-B4RJ235" failures="0" tests="2" name="com.testngproject.demo2.C2" time="0.007" errors="0" timestamp="2024-06-30T11:53:56 IST" skipped="0">
  <testcase classname="com.testngproject.demo2.C2" name="xyz" time="0.004"/>
  <system-out/>
  <testcase classname="com.testngproject.demo2.C2" name="xyz" time="0.003"/>
  <system-out/>
</testsuite> <!-- com.testngproject.demo2.C2 -->
