<?xml version="1.0" encoding="UTF-8"?>
<!-- Generated by org.testng.reporters.JUnitReportReporter -->
<testsuite hostname="DESKTOP-B4RJ235" failures="0" tests="1" name="com.pageobjectmodel.demo.LoginTest" time="3.938" errors="0" timestamp="2024-07-17T12:21:18 IST" skipped="0">
  <testcase classname="com.pageobjectmodel.demo.LoginTest" name="loginTest" time="3.938"/>
  <system-out/>
</testsuite> <!-- com.pageobjectmodel.demo.LoginTest -->
