<?xml version="1.0" encoding="UTF-8"?>
<!-- Generated by org.testng.reporters.JUnitReportReporter -->
<testsuite hostname="DESKTOP-B4RJ235" failures="0" tests="2" name="com.groupingconcept.demo.PaymentTest" time="0.024" errors="0" timestamp="2024-07-05T11:04:39 IST" skipped="0">
  <testcase classname="com.groupingconcept.demo.PaymentTest" name="paymentinRupees" time="0.021"/>
  <system-out/>
  <testcase classname="com.groupingconcept.demo.PaymentTest" name="paymentinDollars" time="0.003"/>
  <system-out/>
</testsuite> <!-- com.groupingconcept.demo.PaymentTest -->
