<?xml version="1.0" encoding="UTF-8"?>
<!-- Generated by org.testng.reporters.JUnitReportReporter -->
<testsuite hostname="DESKTOP-B4RJ235" failures="0" tests="2" name="com.testngproject.demo2.C1" time="0.025" errors="0" timestamp="2024-06-30T11:53:56 IST" skipped="0">
  <testcase classname="com.testngproject.demo2.C1" name="abc" time="0.008"/>
  <system-out/>
  <testcase classname="com.testngproject.demo2.C1" name="abc" time="0.017"/>
  <system-out/>
</testsuite> <!-- com.testngproject.demo2.C1 -->
